This is pdfTeX, Version 3.1415926-1.40.10 (TeX Live 2009/Debian) (format=pdflatex 2011.7.11)  22 APR 2012 17:59
entering extended mode
 %&-line parsing enabled.
**\input project-cps214.tex
(./project-cps214.tex (/usr/share/texmf-texlive/tex/latex/base/article.cls
Document Class: article 2007/10/19 v1.4h Standard LaTeX document class
(/usr/share/texmf-texlive/tex/latex/base/size11.clo
File: size11.clo 2007/10/19 v1.4h Standard LaTeX file (size option)
)
\c@part=\count79
\c@section=\count80
\c@subsection=\count81
\c@subsubsection=\count82
\c@paragraph=\count83
\c@subparagraph=\count84
\c@figure=\count85
\c@table=\count86
\abovecaptionskip=\skip41
\belowcaptionskip=\skip42
\bibindent=\dimen102
)
(/usr/share/texmf-texlive/tex/latex/geometry/geometry.sty
Package: geometry 2008/12/21 v4.2 Page Geometry

(/usr/share/texmf-texlive/tex/latex/graphics/keyval.sty
Package: keyval 1999/03/16 v1.13 key=value parser (DPC)
\KV@toks@=\toks14
)
(/usr/share/texmf-texlive/tex/generic/oberdiek/ifpdf.sty
Package: ifpdf 2009/04/10 v2.0 Provides the ifpdf switch (HO)
Package ifpdf Info: pdfTeX in pdf mode detected.
)
(/usr/share/texmf-texlive/tex/generic/oberdiek/ifvtex.sty
Package: ifvtex 2008/11/04 v1.4 Switches for detecting VTeX and its modes (HO)
Package ifvtex Info: VTeX not detected.
)
\Gm@cnth=\count87
\Gm@cntv=\count88
\c@Gm@tempcnt=\count89
\Gm@bindingoffset=\dimen103
\Gm@wd@mp=\dimen104
\Gm@odd@mp=\dimen105
\Gm@even@mp=\dimen106
\Gm@dimlist=\toks15

(/usr/share/texmf-texlive/tex/xelatex/xetexconfig/geometry.cfg))
(/usr/share/texmf-texlive/tex/latex/setspace/setspace.sty
Package: setspace 2000/12/01 6.7 Contributed and Supported LaTeX2e package

Package: `setspace' 6.7 <2000/12/01>
) (/usr/share/texmf-texlive/tex/latex/amsmath/amsmath.sty
Package: amsmath 2000/07/18 v2.13 AMS math features
\@mathmargin=\skip43

For additional information on amsmath, use the `?' option.
(/usr/share/texmf-texlive/tex/latex/amsmath/amstext.sty
Package: amstext 2000/06/29 v2.01

(/usr/share/texmf-texlive/tex/latex/amsmath/amsgen.sty
File: amsgen.sty 1999/11/30 v2.0
\@emptytoks=\toks16
\ex@=\dimen107
))
(/usr/share/texmf-texlive/tex/latex/amsmath/amsbsy.sty
Package: amsbsy 1999/11/29 v1.2d
\pmbraise@=\dimen108
)
(/usr/share/texmf-texlive/tex/latex/amsmath/amsopn.sty
Package: amsopn 1999/12/14 v2.01 operator names
)
\inf@bad=\count90
LaTeX Info: Redefining \frac on input line 211.
\uproot@=\count91
\leftroot@=\count92
LaTeX Info: Redefining \overline on input line 307.
\classnum@=\count93
\DOTSCASE@=\count94
LaTeX Info: Redefining \ldots on input line 379.
LaTeX Info: Redefining \dots on input line 382.
LaTeX Info: Redefining \cdots on input line 467.
\Mathstrutbox@=\box26
\strutbox@=\box27
\big@size=\dimen109
LaTeX Font Info:    Redeclaring font encoding OML on input line 567.
LaTeX Font Info:    Redeclaring font encoding OMS on input line 568.
\macc@depth=\count95
\c@MaxMatrixCols=\count96
\dotsspace@=\muskip10
\c@parentequation=\count97
\dspbrk@lvl=\count98
\tag@help=\toks17
\row@=\count99
\column@=\count100
\maxfields@=\count101
\andhelp@=\toks18
\eqnshift@=\dimen110
\alignsep@=\dimen111
\tagshift@=\dimen112
\tagwidth@=\dimen113
\totwidth@=\dimen114
\lineht@=\dimen115
\@envbody=\toks19
\multlinegap=\skip44
\multlinetaggap=\skip45
\mathdisplay@stack=\toks20
LaTeX Info: Redefining \[ on input line 2666.
LaTeX Info: Redefining \] on input line 2667.
)
(/usr/share/texmf-texlive/tex/latex/amsfonts/amsfonts.sty
Package: amsfonts 2009/06/22 v3.00 Basic AMSFonts support
\symAMSa=\mathgroup4
\symAMSb=\mathgroup5
LaTeX Font Info:    Overwriting math alphabet `\mathfrak' in version `bold'
(Font)                  U/euf/m/n --> U/euf/b/n on input line 96.
)
(/usr/share/texmf-texlive/tex/latex/amscls/amsthm.sty
Package: amsthm 2004/08/06 v2.20
\thm@style=\toks21
\thm@bodyfont=\toks22
\thm@headfont=\toks23
\thm@notefont=\toks24
\thm@headpunct=\toks25
\thm@preskip=\skip46
\thm@postskip=\skip47
\thm@headsep=\skip48
\dth@everypar=\toks26
)
(/usr/share/texmf-texlive/tex/latex/jknapltx/mathrsfs.sty
Package: mathrsfs 1996/01/01 Math RSFS package v1.0 (jk)
\symrsfs=\mathgroup6
)
(/usr/share/texmf-texlive/tex/latex/tools/array.sty
Package: array 2008/09/09 v2.4c Tabular extension package (FMi)
\col@sep=\dimen116
\extrarowheight=\dimen117
\NC@list=\toks27
\extratabsurround=\skip49
\backup@length=\skip50
)
(/usr/share/texmf-texlive/tex/latex/ltxmisc/cancel.sty
Package: cancel 2000/03/12 v2.1 Cancel math terms
)
(/usr/share/texmf-texlive/tex/latex/placeins/placeins.sty
Package: placeins 2005/04/18  v 2.2
)
(/usr/share/texmf-texlive/tex/latex/float/float.sty
Package: float 2001/11/08 v1.3d Float enhancements (AL)
\c@float@type=\count102
\float@exts=\toks28
\float@box=\box28
\@float@everytoks=\toks29
\@floatcapt=\box29
)
(/usr/share/texmf-texlive/tex/latex/listings/listings.sty
\lst@mode=\count103
\lst@gtempboxa=\box30
\lst@token=\toks30
\lst@length=\count104
\lst@currlwidth=\dimen118
\lst@column=\count105
\lst@pos=\count106
\lst@lostspace=\dimen119
\lst@width=\dimen120
\lst@newlines=\count107
\lst@lineno=\count108
\lst@maxwidth=\dimen121

(/usr/share/texmf-texlive/tex/latex/listings/lstmisc.sty
File: lstmisc.sty 2007/02/22 1.4 (Carsten Heinz)
\c@lstnumber=\count109
\lst@skipnumbers=\count110
\lst@framebox=\box31
)
(/usr/share/texmf-texlive/tex/latex/listings/listings.cfg
File: listings.cfg 2007/02/22 1.4 listings configuration
))
Package: listings 2007/02/22 1.4 (Carsten Heinz)

(/usr/share/texmf-texlive/tex/latex/algorithms/algorithm.sty
Package: algorithm 2009/08/24 v0.1 Document Style `algorithm' - floating enviro
nment

(/usr/share/texmf-texlive/tex/latex/base/ifthen.sty
Package: ifthen 2001/05/26 v1.1c Standard LaTeX ifthen package (DPC)
)
\@float@every@algorithm=\toks31
\c@algorithm=\count111
)
(/usr/share/texmf-texlive/tex/latex/algorithmicx/algpseudocode.sty
Package: algpseudocode 

(/usr/share/texmf-texlive/tex/latex/algorithmicx/algorithmicx.sty
Package: algorithmicx 2005/04/27 v1.2 Algorithmicx

Document Style algorithmicx 1.2 - a greatly improved `algorithmic' style
\c@ALG@line=\count112
\c@ALG@rem=\count113
\c@ALG@nested=\count114
\ALG@tlm=\skip51
\ALG@thistlm=\skip52
\c@ALG@Lnr=\count115
\c@ALG@blocknr=\count116
\c@ALG@storecount=\count117
\c@ALG@tmpcounter=\count118
\ALG@tmplength=\skip53
)
Document Style - pseudocode environments for use with the `algorithmicx' style
) (/usr/share/texmf-texlive/tex/latex/caption/caption.sty
Package: caption 2009/10/09 v3.1k Customizing captions (AR)

(/usr/share/texmf-texlive/tex/latex/caption/caption3.sty
Package: caption3 2009/10/09 v3.1k caption3 kernel (AR)
\captionmargin=\dimen122
\captionmargin@=\dimen123
\captionwidth=\dimen124
\caption@indent=\dimen125
\caption@parindent=\dimen126
\caption@hangindent=\dimen127
)
\c@ContinuedFloat=\count119
Package caption Info: float package is loaded.
Package caption Info: listings package is loaded.
)
(/usr/share/texmf-texlive/tex/latex/caption/subcaption.sty
Package: subcaption 2008/08/31 v1.0b Adding subcaptions (AR)
\c@subfigure=\count120
\c@subtable=\count121
)
(/usr/share/texmf-texlive/tex/latex/graphics/graphicx.sty
Package: graphicx 1999/02/16 v1.0f Enhanced LaTeX Graphics (DPC,SPQR)

(/usr/share/texmf-texlive/tex/latex/graphics/graphics.sty
Package: graphics 2009/02/05 v1.0o Standard LaTeX Graphics (DPC,SPQR)

(/usr/share/texmf-texlive/tex/latex/graphics/trig.sty
Package: trig 1999/03/16 v1.09 sin cos tan (DPC)
)
(/etc/texmf/tex/latex/config/graphics.cfg
File: graphics.cfg 2009/08/28 v1.8 graphics configuration of TeX Live
)
Package graphics Info: Driver file: pdftex.def on input line 91.

(/usr/share/texmf-texlive/tex/latex/pdftex-def/pdftex.def
File: pdftex.def 2010/03/12 v0.04p Graphics/color for pdfTeX
\Gread@gobject=\count122
))
\Gin@req@height=\dimen128
\Gin@req@width=\dimen129
)
(/usr/share/texmf/tex/latex/xcolor/xcolor.sty
Package: xcolor 2007/01/21 v2.11 LaTeX color extensions (UK)

(/etc/texmf/tex/latex/config/color.cfg
File: color.cfg 2007/01/18 v1.5 color configuration of teTeX/TeXLive
)
Package xcolor Info: Driver file: pdftex.def on input line 225.
Package xcolor Info: Model `cmy' substituted by `cmy0' on input line 1337.
Package xcolor Info: Model `hsb' substituted by `rgb' on input line 1341.
Package xcolor Info: Model `RGB' extended on input line 1353.
Package xcolor Info: Model `HTML' substituted by `rgb' on input line 1355.
Package xcolor Info: Model `Hsb' substituted by `hsb' on input line 1356.
Package xcolor Info: Model `tHsb' substituted by `hsb' on input line 1357.
Package xcolor Info: Model `HSB' substituted by `hsb' on input line 1358.
Package xcolor Info: Model `Gray' substituted by `gray' on input line 1359.
Package xcolor Info: Model `wave' substituted by `hsb' on input line 1360.

(/usr/share/texmf/tex/latex/xcolor/x11nam.def
File: x11nam.def 2007/01/21 v2.11 Predefined colors according to Unix/X11 (UK)
))
(/usr/share/texmf-texlive/tex/latex/multirow/multirow.sty
\bigstrutjot=\dimen130
)
(/usr/share/texmf-texlive/tex/latex/booktabs/booktabs.sty
Package: booktabs 2005/04/14 v1.61803 publication quality tables
\heavyrulewidth=\dimen131
\lightrulewidth=\dimen132
\cmidrulewidth=\dimen133
\belowrulesep=\dimen134
\belowbottomsep=\dimen135
\aboverulesep=\dimen136
\abovetopsep=\dimen137
\cmidrulesep=\dimen138
\cmidrulekern=\dimen139
\defaultaddspace=\dimen140
\@cmidla=\count123
\@cmidlb=\count124
\@aboverulesep=\dimen141
\@belowrulesep=\dimen142
\@thisruleclass=\count125
\@lastruleclass=\count126
\@thisrulewidth=\dimen143
)
(/usr/share/texmf-texlive/tex/latex/tools/enumerate.sty
Package: enumerate 1999/03/05 v3.00 enumerate extensions (DPC)
\@enLab=\toks32
)
(/usr/share/texmf-texlive/tex/latex/paralist/paralist.sty
Package: paralist 2002/03/18 v2.3b Extended list environments (BS)
\pltopsep=\skip54
\plpartopsep=\skip55
\plitemsep=\skip56
\plparsep=\skip57
\pl@lab=\toks33
)
(/usr/share/texmf-texlive/tex/latex/fancyhdr/fancyhdr.sty
\fancy@headwidth=\skip58
\f@ncyO@elh=\skip59
\f@ncyO@erh=\skip60
\f@ncyO@olh=\skip61
\f@ncyO@orh=\skip62
\f@ncyO@elf=\skip63
\f@ncyO@erf=\skip64
\f@ncyO@olf=\skip65
\f@ncyO@orf=\skip66
)
(/usr/share/texmf-texlive/tex/latex/footmisc/footmisc.sty
Package: footmisc 2009/09/15 v5.5a a miscellany of footnote facilities
\FN@temptoken=\toks34
\footnotemargin=\dimen144


LaTeX Warning: Command \@makecol  has changed.
               Check if current package is valid.

\c@pp@next@reset=\count127
Package footmisc Info: Declaring symbol style bringhurst on input line 855.
Package footmisc Info: Declaring symbol style chicago on input line 863.
Package footmisc Info: Declaring symbol style wiley on input line 872.
Package footmisc Info: Declaring symbol style lamport-robust on input line 883.

Package footmisc Info: Declaring symbol style lamport* on input line 903.
Package footmisc Info: Declaring symbol style lamport*-robust on input line 924
.
) (/usr/share/texmf-texlive/tex/generic/genmisc/nth.sty
Package: nth 2002/02/27
)
(/usr/share/texmf-texlive/tex/latex/cmap/cmap.sty
Package: cmap 2008/03/06 v1.0h CMap support: searchable PDF
)
(/usr/share/texmf-texlive/tex/latex/natbib/natbib.sty
Package: natbib 2009/07/16 8.31 (PWD, AO)
\bibhang=\skip67
\bibsep=\skip68
LaTeX Info: Redefining \cite on input line 694.
\c@NAT@ctr=\count128
)
(/usr/share/texmf-texlive/tex/latex/hyperref/hyperref.sty
Package: hyperref 2009/10/09 v6.79a Hypertext links for LaTeX

(/usr/share/texmf-texlive/tex/generic/ifxetex/ifxetex.sty
Package: ifxetex 2009/01/23 v0.5 Provides ifxetex conditional
)
(/usr/share/texmf-texlive/tex/latex/oberdiek/hycolor.sty
Package: hycolor 2009/10/02 v1.5 Code for color options of hyperref/bookmark (H
O)

(/usr/share/texmf-texlive/tex/latex/oberdiek/xcolor-patch.sty
Package: xcolor-patch 2009/10/02 xcolor patch
))
\@linkdim=\dimen145
\Hy@linkcounter=\count129
\Hy@pagecounter=\count130

(/usr/share/texmf-texlive/tex/latex/hyperref/pd1enc.def
File: pd1enc.def 2009/10/09 v6.79a Hyperref: PDFDocEncoding definition (HO)
)
(/usr/share/texmf-texlive/tex/generic/oberdiek/etexcmds.sty
Package: etexcmds 2007/12/12 v1.2 Prefix for e-TeX command names (HO)

(/usr/share/texmf-texlive/tex/generic/oberdiek/infwarerr.sty
Package: infwarerr 2007/09/09 v1.2 Providing info/warning/message (HO)
)
Package etexcmds Info: Could not find \expanded.
(etexcmds)             That can mean that you are not using pdfTeX 1.50 or
(etexcmds)             that some package has redefined \expanded.
(etexcmds)             In the latter case, load this package earlier.
)
(/usr/share/texmf-texlive/tex/latex/latexconfig/hyperref.cfg
File: hyperref.cfg 2002/06/06 v1.2 hyperref configuration of TeXLive
)
(/usr/share/texmf-texlive/tex/latex/oberdiek/kvoptions.sty
Package: kvoptions 2009/08/13 v3.4 Keyval support for LaTeX options (HO)

(/usr/share/texmf-texlive/tex/generic/oberdiek/kvsetkeys.sty
Package: kvsetkeys 2009/07/30 v1.5 Key value parser with default handler suppor
t (HO)
))
Package hyperref Info: Hyper figures OFF on input line 2975.
Package hyperref Info: Link nesting OFF on input line 2980.
Package hyperref Info: Hyper index ON on input line 2983.
Package hyperref Info: Plain pages OFF on input line 2990.
Package hyperref Info: Backreferencing OFF on input line 2995.

Implicit mode ON; LaTeX internals redefined
Package hyperref Info: Bookmarks ON on input line 3191.
(/usr/share/texmf-texlive/tex/latex/ltxmisc/url.sty
\Urlmuskip=\muskip11
Package: url 2006/04/12  ver 3.3  Verb mode for urls, etc.
)
LaTeX Info: Redefining \url on input line 3428.

(/usr/share/texmf-texlive/tex/generic/oberdiek/bitset.sty
Package: bitset 2007/09/28 v1.0 Data type bit set (HO)

(/usr/share/texmf-texlive/tex/generic/oberdiek/intcalc.sty
Package: intcalc 2007/09/27 v1.1 Expandable integer calculations (HO)
)
(/usr/share/texmf-texlive/tex/generic/oberdiek/bigintcalc.sty
Package: bigintcalc 2007/11/11 v1.1 Expandable big integer calculations (HO)

(/usr/share/texmf-texlive/tex/generic/oberdiek/pdftexcmds.sty
Package: pdftexcmds 2009/09/23 v0.6 LuaTeX support for pdfTeX utility functions
 (HO)

(/usr/share/texmf-texlive/tex/generic/oberdiek/ifluatex.sty
Package: ifluatex 2009/04/17 v1.2 Provides the ifluatex switch (HO)
Package ifluatex Info: LuaTeX not detected.
)
(/usr/share/texmf-texlive/tex/generic/oberdiek/ltxcmds.sty
Package: ltxcmds 2009/08/05 v1.0 Some LaTeX kernel commands for general use (HO
)
)
Package pdftexcmds Info: LuaTeX not detected.
Package pdftexcmds Info: \pdf@primitive is available.
Package pdftexcmds Info: \pdf@ifprimitive is available.
)))
\Fld@menulength=\count131
\Field@Width=\dimen146
\Fld@charsize=\dimen147
\Field@toks=\toks35
Package hyperref Info: Hyper figures OFF on input line 4377.
Package hyperref Info: Link nesting OFF on input line 4382.
Package hyperref Info: Hyper index ON on input line 4385.
Package hyperref Info: backreferencing OFF on input line 4392.
Package hyperref Info: Link coloring OFF on input line 4397.
Package hyperref Info: Link coloring with OCG OFF on input line 4402.
Package hyperref Info: PDF/A mode OFF on input line 4407.

(/usr/share/texmf-texlive/tex/generic/oberdiek/atbegshi.sty
Package: atbegshi 2008/07/31 v1.9 At begin shipout hook (HO)
)
\Hy@abspage=\count132
\c@Item=\count133
\c@Hfootnote=\count134
)
*hyperref using driver hpdftex*
(/usr/share/texmf-texlive/tex/latex/hyperref/hpdftex.def
File: hpdftex.def 2009/10/09 v6.79a Hyperref driver for pdfTeX
\Fld@listcount=\count135
)
(/usr/share/texmf-texlive/tex/latex/cleveref/cleveref.sty
Package: cleveref 2009/09/22 v0.14.2 Intelligent cross-referencing
Package cleveref Info: `hyperref' support loaded on input line 1607.
LaTeX Info: Redefining \cref on input line 1607.
LaTeX Info: Redefining \Cref on input line 1607.
LaTeX Info: Redefining \crefrange on input line 1607.
LaTeX Info: Redefining \Crefrange on input line 1607.
Package cleveref Info: loaded `english' language definitions on input line 3148
.
)
Package hyperref Info: Option `pdffitwindow' set `false' on input line 78.
Package hyperref Info: Option `colorlinks' set `true' on input line 78.


Package hyperref Warning: Token not allowed in a PDF string (PDFDocEncoding):
(hyperref)                removing `alignment tab' on input line 78.


Package hyperref Warning: Option `pagebackref' has already been used,
(hyperref)                setting the option has no effect on input line 78.

\@float@every@prog=\toks36
\c@prog=\count136
\c@theorem=\count137
(./project-cps214.aux)
\openout1 = `project-cps214.aux'.

LaTeX Font Info:    Checking defaults for OML/cmm/m/it on input line 174.
LaTeX Font Info:    ... okay on input line 174.
LaTeX Font Info:    Checking defaults for T1/cmr/m/n on input line 174.
LaTeX Font Info:    ... okay on input line 174.
LaTeX Font Info:    Checking defaults for OT1/cmr/m/n on input line 174.
LaTeX Font Info:    ... okay on input line 174.
LaTeX Font Info:    Checking defaults for OMS/cmsy/m/n on input line 174.
LaTeX Font Info:    ... okay on input line 174.
LaTeX Font Info:    Checking defaults for OMX/cmex/m/n on input line 174.
LaTeX Font Info:    ... okay on input line 174.
LaTeX Font Info:    Checking defaults for U/cmr/m/n on input line 174.
LaTeX Font Info:    ... okay on input line 174.
LaTeX Font Info:    Checking defaults for PD1/pdf/m/n on input line 174.
LaTeX Font Info:    ... okay on input line 174.

*geometry auto-detecting driver*
*geometry detected driver: pdftex*
-------------------- Geometry parameters
paper: class default
landscape: --
twocolumn: --
twoside: --
asymmetric: --
h-parts: 72.26999pt, 469.75502pt, 72.26999pt
v-parts: 72.26999pt, 650.43001pt, 72.26999pt
hmarginratio: --
vmarginratio: --
lines: --
heightrounded: --
bindingoffset: 0.0pt
truedimen: --
includehead: --
includefoot: --
includemp: --
driver: pdftex
-------------------- Page layout dimensions and switches
\paperwidth  614.295pt
\paperheight 794.96999pt
\textwidth  469.75502pt
\textheight 650.43001pt
\oddsidemargin  0.0pt
\evensidemargin 0.0pt
\topmargin  -37.0pt
\headheight 15.2pt
\headsep    25.0pt
\footskip   30.0pt
\marginparwidth 59.0pt
\marginparsep   10.0pt
\columnsep  10.0pt
\skip\footins  10.0pt plus 4.0pt minus 2.0pt
\hoffset 0.0pt
\voffset 0.0pt
\mag 1000

(1in=72.27pt, 1cm=28.45pt)
-----------------------
\c@lstlisting=\count138
Package caption Info: Begin \AtBeginDocument code.
Package caption Info: hyperref package is loaded.
Package caption Info: End \AtBeginDocument code.
(/usr/share/texmf/tex/context/base/supp-pdf.mkii
[Loading MPS to PDF converter (version 2006.09.02).]
\scratchcounter=\count139
\scratchdimen=\dimen148
\scratchbox=\box32
\nofMPsegments=\count140
\nofMParguments=\count141
\everyMPshowfont=\toks37
\MPscratchCnt=\count142
\MPscratchDim=\dimen149
\MPnumerator=\count143
\everyMPtoPDFconversion=\toks38
)
Package hyperref Info: Link coloring ON on input line 174.
 (/usr/share/texmf-texlive/tex/latex/hyperref/nameref.sty
Package: nameref 2007/05/29 v2.31 Cross-referencing by name of section

(/usr/share/texmf-texlive/tex/latex/oberdiek/refcount.sty
Package: refcount 2008/08/11 v3.1 Data extraction from references (HO)
)
\c@section@level=\count144
)
LaTeX Info: Redefining \ref on input line 174.
LaTeX Info: Redefining \pageref on input line 174.

(./project-cps214.out) (./project-cps214.out)
\@outlinefile=\write3
\openout3 = `project-cps214.out'.

\AtBeginShipoutBox=\box33
LaTeX Info: Redefining \ref on input line 174.
LaTeX Info: Redefining \ref on input line 174.
<<ot1.cmap>><<oml.cmap>><<oms.cmap>><<omx.cmap>>
LaTeX Font Info:    Try loading font information for U+msa on input line 177.
 (/usr/share/texmf-texlive/tex/latex/amsfonts/umsa.fd
File: umsa.fd 2009/06/22 v3.00 AMS symbols A
)
LaTeX Font Info:    Try loading font information for U+msb on input line 177.

(/usr/share/texmf-texlive/tex/latex/amsfonts/umsb.fd
File: umsb.fd 2009/06/22 v3.00 AMS symbols B
)
LaTeX Font Info:    Try loading font information for U+rsfs on input line 177.

(/usr/share/texmf-texlive/tex/latex/jknapltx/ursfs.fd
File: ursfs.fd 1998/03/24 rsfs font definition file (jk)
)<<ot1tt.cmap>>
(./abstract.tex) (./introduction.tex) (./network.tex) (./ron.tex)
(./ruby-ron.tex) (./experiment.tex) (./conclusions.tex) (./project-cps214.bbl
[1

{/var/lib/texmf/fonts/map/pdftex/updmap/pdftex.map}])

Package caption Warning: Unused \captionsetup[prog] on input line 92.
See the caption package documentation for explanation.

[2] (./project-cps214.aux) ) 
Here is how much of TeX's memory you used:
 10735 strings out of 493848
 164210 string characters out of 1152823
 301502 words of memory out of 3000000
 13762 multiletter control sequences out of 15000+50000
 12078 words of font info for 46 fonts, out of 3000000 for 9000
 714 hyphenation exceptions out of 8191
 38i,12n,49p,341b,321s stack positions out of 5000i,500n,10000p,200000b,50000s
</usr/share/texmf-texlive/fonts/type1/public/amsfon
ts/cm/cmbx10.pfb></usr/share/texmf-texlive/fonts/type1/public/amsfonts/cm/cmbx1
2.pfb></usr/share/texmf-texlive/fonts/type1/public/amsfonts/cm/cmbxti10.pfb></u
sr/share/texmf-texlive/fonts/type1/public/amsfonts/cm/cmr10.pfb></usr/share/tex
mf-texlive/fonts/type1/public/amsfonts/cm/cmr12.pfb></usr/share/texmf-texlive/f
onts/type1/public/amsfonts/cm/cmr9.pfb></usr/share/texmf-texlive/fonts/type1/pu
blic/amsfonts/cm/cmti10.pfb></usr/share/texmf-texlive/fonts/type1/public/amsfon
ts/cm/cmtt12.pfb>
Output written on project-cps214.pdf (2 pages, 118046 bytes).
PDF statistics:
 89 PDF objects out of 1000 (max. 8388607)
 13 named destinations out of 1000 (max. 500000)
 77 words of extra memory for PDF output out of 10000 (max. 10000000)

